{"type":"eventLog","action":"eventLog","info":"create_log_dir","results":"Templately\\Core\\Importer\\FullSiteImport::import::506","timestamp":"2025-09-02 05:42:17"}
{"type":"start","action":"eventLog","results":"Templately\\Core\\Importer\\FullSiteImport::import::519","timestamp":"2025-09-02 05:42:17"}
{"action":"updateLog","type":"writing_permission_check","progress":100,"message":"Permission Passed","status":"complete","timestamp":"2025-09-02 05:42:17"}
{"action":"updateLog","type":"download","progress":1,"message":"Downloading Template Pack","timestamp":"2025-09-02 05:42:17"}
{"action":"updateLog","type":"download","progress":57,"message":"Downloading Template Pack","timestamp":"2025-09-02 05:42:19"}
{"action":"updateLog","type":"download","progress":100,"message":"Downloading Template Pack","status":"complete","timestamp":"2025-09-02 05:42:19"}
{"type":"continue","action":"continue","info":"download_zip","results":"Templately\\Core\\Importer\\FullSiteImport::import::549","timestamp":"2025-09-02 05:42:19"}
{"type":"start","action":"eventLog","results":"Templately\\Core\\Importer\\FullSiteImport::import::519","timestamp":"2025-09-02 05:42:20"}
{"action":"removeLog","type":"temp","progress":100,"timestamp":"2025-09-02 05:42:20"}
{"action":"eventLog","type":"dependencies","progress":0,"message":"Updating customizer settings.","timestamp":"2025-09-02 05:42:20"}
{"action":"updateLog","type":"theme","progress":0,"message":"Installing and Activating Theme: Hello Elementor","timestamp":"2025-09-02 05:42:20"}
{"action":"eventLog","type":"attachments","progress":1,"message":"Before downloading attachment: https:\/\/api.wordpress.org\/themes\/info\/1.2\/?action=theme_information&request%5Bslug%5D=hello-elementor&request%5Bfields%5D%5Bsections%5D=0&request%5Blocale%5D=en_US&request%5Bwp_version%5D=6.8","timestamp":"2025-09-02 05:42:20"}
{"action":"eventLog","type":"attachments","progress":1,"message":"After downloading attachment: https:\/\/api.wordpress.org\/themes\/info\/1.2\/?action=theme_information&request%5Bslug%5D=hello-elementor&request%5Bfields%5D%5Bsections%5D=0&request%5Blocale%5D=en_US&request%5Bwp_version%5D=6.8","timestamp":"2025-09-02 05:42:21"}
{"action":"eventLog","type":"attachments","progress":1,"message":"Before downloading attachment: https:\/\/downloads.wordpress.org\/theme\/hello-elementor.3.4.4.zip","timestamp":"2025-09-02 05:42:21"}
{"action":"eventLog","type":"attachments","progress":1,"message":"After downloading attachment: https:\/\/downloads.wordpress.org\/theme\/hello-elementor.3.4.4.zip","timestamp":"2025-09-02 05:42:23"}
{"action":"eventLog","type":"attachments","progress":1,"message":"Before downloading attachment: https:\/\/api.wordpress.org\/core\/version-check\/1.7\/?version=6.8.2&php=8.1.10&locale=en_US&mysql=8.0.30&local_package=&blogs=1&users=1&multisite_enabled=0&initial_db_version=60421&extensions%5Bapache2handler%5D=8.1.10&extensions%5Bbcmath%5D=8.1.10&extensions%5Bcalendar%5D=8.1.10&extensions%5BCore%5D=8.1.10&extensions%5Bctype%5D=8.1.10&extensions%5Bcurl%5D=8.1.10&extensions%5Bdate%5D=8.1.10&extensions%5Bdom%5D=20031129&extensions%5Bexif%5D=8.1.10&extensions%5Bfileinfo%5D=8.1.10&extensions%5Bfilter%5D=8.1.10&extensions%5Bgd%5D=8.1.10&extensions%5Bhash%5D=8.1.10&extensions%5Biconv%5D=8.1.10&extensions%5Bintl%5D=8.1.10&extensions%5Bjson%5D=8.1.10&extensions%5Blibxml%5D=8.1.10&extensions%5Bmbstring%5D=8.1.10&extensions%5Bmysqli%5D=8.1.10&extensions%5Bmysqlnd%5D=mysqlnd+8.1.10&extensions%5Bopenssl%5D=8.1.10&extensions%5Bpcre%5D=8.1.10&extensions%5BPDO%5D=8.1.10&extensions%5Bpdo_mysql%5D=8.1.10&extensions%5BPhar%5D=8.1.10&extensions%5Breadline%5D=8.1.10&extensions%5BReflection%5D=8.1.10&extensions%5Bsession%5D=8.1.10&extensions%5BSimpleXML%5D=8.1.10&extensions%5BSPL%5D=8.1.10&extensions%5Bstandard%5D=8.1.10&extensions%5Btokenizer%5D=8.1.10&extensions%5Bxml%5D=8.1.10&extensions%5Bxmlreader%5D=8.1.10&extensions%5Bxmlwriter%5D=8.1.10&extensions%5Bxsl%5D=8.1.10&extensions%5Bzip%5D=1.19.5&extensions%5Bzlib%5D=8.1.10&platform_flags%5Bos%5D=WINNT&platform_flags%5Bbits%5D=64&image_support%5Bgd%5D%5B0%5D=webp&image_support%5Bgd%5D%5B1%5D=avif","timestamp":"2025-09-02 05:42:24"}
{"action":"eventLog","type":"attachments","progress":1,"message":"After downloading attachment: https:\/\/api.wordpress.org\/core\/version-check\/1.7\/?version=6.8.2&php=8.1.10&locale=en_US&mysql=8.0.30&local_package=&blogs=1&users=1&multisite_enabled=0&initial_db_version=60421&extensions%5Bapache2handler%5D=8.1.10&extensions%5Bbcmath%5D=8.1.10&extensions%5Bcalendar%5D=8.1.10&extensions%5BCore%5D=8.1.10&extensions%5Bctype%5D=8.1.10&extensions%5Bcurl%5D=8.1.10&extensions%5Bdate%5D=8.1.10&extensions%5Bdom%5D=20031129&extensions%5Bexif%5D=8.1.10&extensions%5Bfileinfo%5D=8.1.10&extensions%5Bfilter%5D=8.1.10&extensions%5Bgd%5D=8.1.10&extensions%5Bhash%5D=8.1.10&extensions%5Biconv%5D=8.1.10&extensions%5Bintl%5D=8.1.10&extensions%5Bjson%5D=8.1.10&extensions%5Blibxml%5D=8.1.10&extensions%5Bmbstring%5D=8.1.10&extensions%5Bmysqli%5D=8.1.10&extensions%5Bmysqlnd%5D=mysqlnd+8.1.10&extensions%5Bopenssl%5D=8.1.10&extensions%5Bpcre%5D=8.1.10&extensions%5BPDO%5D=8.1.10&extensions%5Bpdo_mysql%5D=8.1.10&extensions%5BPhar%5D=8.1.10&extensions%5Breadline%5D=8.1.10&extensions%5BReflection%5D=8.1.10&extensions%5Bsession%5D=8.1.10&extensions%5BSimpleXML%5D=8.1.10&extensions%5BSPL%5D=8.1.10&extensions%5Bstandard%5D=8.1.10&extensions%5Btokenizer%5D=8.1.10&extensions%5Bxml%5D=8.1.10&extensions%5Bxmlreader%5D=8.1.10&extensions%5Bxmlwriter%5D=8.1.10&extensions%5Bxsl%5D=8.1.10&extensions%5Bzip%5D=1.19.5&extensions%5Bzlib%5D=8.1.10&platform_flags%5Bos%5D=WINNT&platform_flags%5Bbits%5D=64&image_support%5Bgd%5D%5B0%5D=webp&image_support%5Bgd%5D%5B1%5D=avif","timestamp":"2025-09-02 05:42:25"}
{"action":"eventLog","type":"attachments","progress":1,"message":"Before downloading attachment: https:\/\/api.wordpress.org\/plugins\/update-check\/1.1\/","timestamp":"2025-09-02 05:42:25"}
{"action":"eventLog","type":"attachments","progress":1,"message":"After downloading attachment: https:\/\/api.wordpress.org\/plugins\/update-check\/1.1\/","timestamp":"2025-09-02 05:42:25"}
{"action":"eventLog","type":"attachments","progress":1,"message":"Before downloading attachment: https:\/\/api.wordpress.org\/themes\/update-check\/1.1\/","timestamp":"2025-09-02 05:42:25"}
{"action":"eventLog","type":"attachments","progress":1,"message":"After downloading attachment: https:\/\/api.wordpress.org\/themes\/update-check\/1.1\/","timestamp":"2025-09-02 05:42:26"}
{"action":"updateLog","status":"complete","message":"Activated theme: Hello Elementor","type":"theme","progress":100,"timestamp":"2025-09-02 05:42:26"}
{"action":"updateLog","type":"plugin","progress":0,"message":"Installing Required Plugins: Elementor Pro","timestamp":"2025-09-02 05:42:26"}
{"action":"eventLog","type":"attachments","progress":1,"message":"Before downloading attachment: https:\/\/api.wordpress.org\/plugins\/info\/1.2\/?action=plugin_information&request%5Bslug%5D=elementor-pro&request%5Bfields%5D%5Bsections%5D=0&request%5Blocale%5D=en_US&request%5Bwp_version%5D=6.8","timestamp":"2025-09-02 05:42:26"}
{"action":"eventLog","type":"attachments","progress":1,"message":"After downloading attachment: https:\/\/api.wordpress.org\/plugins\/info\/1.2\/?action=plugin_information&request%5Bslug%5D=elementor-pro&request%5Bfields%5D%5Bsections%5D=0&request%5Blocale%5D=en_US&request%5Bwp_version%5D=6.8","timestamp":"2025-09-02 05:42:27"}
{"position":"plugin","action":"updateLog","status":"error","message":"Installation Failed: Elementor Pro (Plugin not found.)","type":"plugin_elementor-pro","progress":0,"timestamp":"2025-09-02 05:42:27"}
{"type":"continue","action":"continue","name":"dependencies","index":0,"results":null,"timestamp":"2025-09-02 05:42:27"}
{"type":"start","action":"eventLog","results":"Templately\\Core\\Importer\\FullSiteImport::import::519","timestamp":"2025-09-02 05:42:28"}
{"action":"removeLog","type":"temp","progress":100,"timestamp":"2025-09-02 05:42:28"}
{"action":"updateLog","type":"plugin","progress":0,"message":"Installing Required Plugins: Essential Addons Pro","timestamp":"2025-09-02 05:42:28"}
{"action":"eventLog","type":"attachments","progress":1,"message":"Before downloading attachment: https:\/\/api.wordpress.org\/plugins\/info\/1.2\/?action=plugin_information&request%5Bslug%5D=essential-addons-elementor&request%5Bfields%5D%5Bsections%5D=0&request%5Blocale%5D=en_US&request%5Bwp_version%5D=6.8","timestamp":"2025-09-02 05:42:28"}
{"action":"eventLog","type":"attachments","progress":1,"message":"After downloading attachment: https:\/\/api.wordpress.org\/plugins\/info\/1.2\/?action=plugin_information&request%5Bslug%5D=essential-addons-elementor&request%5Bfields%5D%5Bsections%5D=0&request%5Blocale%5D=en_US&request%5Bwp_version%5D=6.8","timestamp":"2025-09-02 05:42:29"}
{"position":"plugin","action":"updateLog","status":"error","message":"Installation Failed: Essential Addons Pro (Plugin not found.)","type":"plugin_essential-addons-elementor","progress":0,"timestamp":"2025-09-02 05:42:29"}
{"type":"continue","action":"continue","name":"dependencies","index":1,"results":null,"timestamp":"2025-09-02 05:42:29"}
{"type":"start","action":"eventLog","results":"Templately\\Core\\Importer\\FullSiteImport::import::519","timestamp":"2025-09-02 05:42:31"}
{"action":"removeLog","type":"temp","progress":100,"timestamp":"2025-09-02 05:42:31"}
{"action":"updateLog","type":"plugin","progress":0,"message":"Installing Required Plugins: Fluent Forms","timestamp":"2025-09-02 05:42:31"}
{"action":"eventLog","type":"attachments","progress":1,"message":"Before downloading attachment: https:\/\/api.wordpress.org\/plugins\/info\/1.2\/?action=plugin_information&request%5Bslug%5D=fluentform&request%5Bfields%5D%5Bsections%5D=0&request%5Blocale%5D=en_US&request%5Bwp_version%5D=6.8","timestamp":"2025-09-02 05:42:31"}
{"action":"eventLog","type":"attachments","progress":1,"message":"After downloading attachment: https:\/\/api.wordpress.org\/plugins\/info\/1.2\/?action=plugin_information&request%5Bslug%5D=fluentform&request%5Bfields%5D%5Bsections%5D=0&request%5Blocale%5D=en_US&request%5Bwp_version%5D=6.8","timestamp":"2025-09-02 05:42:31"}
{"action":"eventLog","type":"attachments","progress":1,"message":"Before downloading attachment: https:\/\/downloads.wordpress.org\/plugin\/fluentform.6.1.2.zip","timestamp":"2025-09-02 05:42:31"}
{"action":"eventLog","type":"attachments","progress":1,"message":"After downloading attachment: https:\/\/downloads.wordpress.org\/plugin\/fluentform.6.1.2.zip","timestamp":"2025-09-02 05:42:35"}
{"action":"eventLog","type":"attachments","progress":1,"message":"Before downloading attachment: https:\/\/api.wordpress.org\/plugins\/update-check\/1.1\/","timestamp":"2025-09-02 05:42:37"}
{"action":"eventLog","type":"attachments","progress":1,"message":"After downloading attachment: https:\/\/api.wordpress.org\/plugins\/update-check\/1.1\/","timestamp":"2025-09-02 05:42:38"}
{"action":"eventLog","type":"attachments","progress":1,"message":"Before downloading attachment: https:\/\/api.wordpress.org\/themes\/update-check\/1.1\/","timestamp":"2025-09-02 05:42:38"}
{"action":"eventLog","type":"attachments","progress":1,"message":"After downloading attachment: https:\/\/api.wordpress.org\/themes\/update-check\/1.1\/","timestamp":"2025-09-02 05:42:39"}
{"type":"continue","action":"continue","name":"dependencies","index":2,"results":null,"timestamp":"2025-09-02 05:42:39"}
{"type":"start","action":"eventLog","results":"Templately\\Core\\Importer\\FullSiteImport::import::519","timestamp":"2025-09-02 05:42:41"}
{"action":"removeLog","type":"temp","progress":100,"timestamp":"2025-09-02 05:42:41"}
{"action":"updateLog","type":"plugin","progress":25,"message":"Installing Required Plugins: NotificationX","timestamp":"2025-09-02 05:42:41"}
{"action":"eventLog","type":"attachments","progress":1,"message":"Before downloading attachment: https:\/\/api.wordpress.org\/plugins\/info\/1.2\/?action=plugin_information&request%5Bslug%5D=notificationx&request%5Bfields%5D%5Bsections%5D=0&request%5Blocale%5D=en_US&request%5Bwp_version%5D=6.8","timestamp":"2025-09-02 05:42:41"}
{"action":"eventLog","type":"attachments","progress":1,"message":"After downloading attachment: https:\/\/api.wordpress.org\/plugins\/info\/1.2\/?action=plugin_information&request%5Bslug%5D=notificationx&request%5Bfields%5D%5Bsections%5D=0&request%5Blocale%5D=en_US&request%5Bwp_version%5D=6.8","timestamp":"2025-09-02 05:42:42"}
{"action":"eventLog","type":"attachments","progress":1,"message":"Before downloading attachment: https:\/\/downloads.wordpress.org\/plugin\/notificationx.3.1.3.zip","timestamp":"2025-09-02 05:42:42"}
{"action":"eventLog","type":"attachments","progress":1,"message":"After downloading attachment: https:\/\/downloads.wordpress.org\/plugin\/notificationx.3.1.3.zip","timestamp":"2025-09-02 05:42:46"}
{"action":"eventLog","type":"attachments","progress":1,"message":"Before downloading attachment: https:\/\/api.wordpress.org\/plugins\/update-check\/1.1\/","timestamp":"2025-09-02 05:42:47"}
{"action":"eventLog","type":"attachments","progress":1,"message":"After downloading attachment: https:\/\/api.wordpress.org\/plugins\/update-check\/1.1\/","timestamp":"2025-09-02 05:42:48"}
{"action":"eventLog","type":"attachments","progress":1,"message":"Before downloading attachment: https:\/\/api.wordpress.org\/themes\/update-check\/1.1\/","timestamp":"2025-09-02 05:42:48"}
{"action":"eventLog","type":"attachments","progress":1,"message":"After downloading attachment: https:\/\/api.wordpress.org\/themes\/update-check\/1.1\/","timestamp":"2025-09-02 05:42:49"}
{"action":"updateLog","status":"complete","message":"Installed Required Plugins (2\/4)","type":"plugin","progress":100,"timestamp":"2025-09-02 05:42:49"}
{"action":"eventLog","type":"dependencies","progress":100,"message":"Updating customizer settings.","status":"complete","timestamp":"2025-09-02 05:42:49"}
{"type":"continue","action":"continue","name":"","index":0,"results":null,"timestamp":"2025-09-02 05:42:49"}
{"type":"start","action":"eventLog","results":"Templately\\Core\\Importer\\FullSiteImport::import::519","timestamp":"2025-09-02 05:42:50"}
{"action":"removeLog","type":"temp","progress":100,"timestamp":"2025-09-02 05:42:50"}
{"action":"updateLog","type":"attachments","progress":0,"message":"Importing Attachments: (0\/1)","timestamp":"2025-09-02 05:42:50"}
{"action":"eventLog","type":"attachments","progress":1,"message":"Before inserting attachment: 7f5f6137-group-100.png","timestamp":"2025-09-02 05:42:50"}
{"action":"eventLog","type":"attachments","progress":1,"message":"After inserting attachment: 7f5f6137-group-100.png","timestamp":"2025-09-02 05:42:50"}
{"action":"eventLog","type":"attachments","progress":1,"message":"Updated attachment metadata: 246","timestamp":"2025-09-02 05:42:50"}
{"action":"eventLog","type":"attachments","progress":1,"message":"Updated attachment metadata: 246","timestamp":"2025-09-02 05:42:50"}
{"action":"eventLog","type":"attachments","progress":1,"message":"Updated attachment metadata: 246","timestamp":"2025-09-02 05:42:50"}
{"action":"eventLog","type":"attachments","progress":1,"message":"Updated attachment metadata: 246","timestamp":"2025-09-02 05:42:50"}
{"action":"eventLog","type":"attachments","progress":1,"message":"Updated attachment metadata: 246","timestamp":"2025-09-02 05:42:51"}
{"action":"eventLog","type":"attachments","progress":1,"message":"Updated attachment metadata: 246","timestamp":"2025-09-02 05:42:51"}
{"action":"eventLog","type":"attachments","progress":1,"message":"Updated attachment metadata: 246","timestamp":"2025-09-02 05:42:51"}
{"action":"updateLog","type":"attachments","progress":3,"message":"Importing Attachments: (1\/39)","timestamp":"2025-09-02 05:42:51"}
{"action":"eventLog","type":"attachments","progress":1,"message":"Before inserting attachment: Mask-Group-5.png","timestamp":"2025-09-02 05:42:51"}
{"action":"eventLog","type":"attachments","progress":1,"message":"After inserting attachment: Mask-Group-5.png","timestamp":"2025-09-02 05:42:51"}
{"action":"eventLog","type":"attachments","progress":1,"message":"Updated attachment metadata: 247","timestamp":"2025-09-02 05:42:51"}
{"action":"eventLog","type":"attachments","progress":1,"message":"Updated attachment metadata: 247","timestamp":"2025-09-02 05:42:51"}
{"action":"eventLog","type":"attachments","progress":1,"message":"Updated attachment metadata: 247","timestamp":"2025-09-02 05:42:51"}
{"action":"eventLog","type":"attachments","progress":1,"message":"Updated attachment metadata: 247","timestamp":"2025-09-02 05:42:51"}
{"action":"eventLog","type":"attachments","progress":1,"message":"Updated attachment metadata: 247","timestamp":"2025-09-02 05:42:51"}
{"action":"eventLog","type":"attachments","progress":1,"message":"Updated attachment metadata: 247","timestamp":"2025-09-02 05:42:51"}
{"action":"eventLog","type":"attachments","progress":1,"message":"Updated attachment metadata: 247","timestamp":"2025-09-02 05:42:52"}
{"action":"eventLog","type":"attachments","progress":1,"message":"Updated attachment metadata: 247","timestamp":"2025-09-02 05:42:52"}
{"action":"eventLog","type":"attachments","progress":1,"message":"Updated attachment metadata: 247","timestamp":"2025-09-02 05:42:52"}
{"action":"eventLog","type":"attachments","progress":1,"message":"Updated attachment metadata: 247","timestamp":"2025-09-02 05:42:52"}
{"action":"eventLog","type":"attachments","progress":1,"message":"Updated attachment metadata: 247","timestamp":"2025-09-02 05:42:52"}
{"action":"eventLog","type":"attachments","progress":1,"message":"Updated attachment metadata: 247","timestamp":"2025-09-02 05:42:52"}
{"action":"updateLog","type":"attachments","progress":6,"message":"Importing Attachments: (2\/39)","timestamp":"2025-09-02 05:42:52"}
{"action":"eventLog","type":"attachments","progress":1,"message":"Before inserting attachment: diana-polekhina-53m8pcXQQE4-unsplash 1","timestamp":"2025-09-02 05:42:52"}
{"action":"eventLog","type":"attachments","progress":1,"message":"After inserting attachment: diana-polekhina-53m8pcXQQE4-unsplash 1","timestamp":"2025-09-02 05:42:52"}
{"action":"eventLog","type":"attachments","progress":1,"message":"Updated attachment metadata: 248","timestamp":"2025-09-02 05:42:52"}
{"action":"eventLog","type":"attachments","progress":1,"message":"Updated attachment metadata: 248","timestamp":"2025-09-02 05:42:52"}
{"action":"eventLog","type":"attachments","progress":1,"message":"Updated attachment metadata: 248","timestamp":"2025-09-02 05:42:52"}
{"action":"eventLog","type":"attachments","progress":1,"message":"Updated attachment metadata: 248","timestamp":"2025-09-02 05:42:52"}
{"action":"eventLog","type":"attachments","progress":1,"message":"Updated attachment metadata: 248","timestamp":"2025-09-02 05:42:52"}
{"action":"eventLog","type":"attachments","progress":1,"message":"Updated attachment metadata: 248","timestamp":"2025-09-02 05:42:52"}
{"action":"eventLog","type":"attachments","progress":1,"message":"Updated attachment metadata: 248","timestamp":"2025-09-02 05:42:52"}
{"action":"eventLog","type":"attachments","progress":1,"message":"Updated attachment metadata: 248","timestamp":"2025-09-02 05:42:52"}
{"action":"eventLog","type":"attachments","progress":1,"message":"Updated attachment metadata: 248","timestamp":"2025-09-02 05:42:52"}
{"action":"updateLog","type":"attachments","progress":8,"message":"Importing Attachments: (3\/39)","timestamp":"2025-09-02 05:42:52"}
{"action":"eventLog","type":"attachments","progress":1,"message":"Before inserting attachment: pexels-cottonbro-6266086 2","timestamp":"2025-09-02 05:42:52"}
{"action":"eventLog","type":"attachments","progress":1,"message":"After inserting attachment: pexels-cottonbro-6266086 2","timestamp":"2025-09-02 05:42:52"}
{"action":"eventLog","type":"attachments","progress":1,"message":"Updated attachment metadata: 249","timestamp":"2025-09-02 05:42:52"}
{"action":"eventLog","type":"attachments","progress":1,"message":"Updated attachment metadata: 249","timestamp":"2025-09-02 05:42:52"}
{"action":"eventLog","type":"attachments","progress":1,"message":"Updated attachment metadata: 249","timestamp":"2025-09-02 05:42:52"}
{"action":"eventLog","type":"attachments","progress":1,"message":"Updated attachment metadata: 249","timestamp":"2025-09-02 05:42:52"}
{"action":"eventLog","type":"attachments","progress":1,"message":"Updated attachment metadata: 249","timestamp":"2025-09-02 05:42:52"}
{"action":"eventLog","type":"attachments","progress":1,"message":"Updated attachment metadata: 249","timestamp":"2025-09-02 05:42:52"}
{"action":"eventLog","type":"attachments","progress":1,"message":"Updated attachment metadata: 249","timestamp":"2025-09-02 05:42:52"}
{"action":"eventLog","type":"attachments","progress":1,"message":"Updated attachment metadata: 249","timestamp":"2025-09-02 05:42:52"}
{"action":"eventLog","type":"attachments","progress":1,"message":"Updated attachment metadata: 249","timestamp":"2025-09-02 05:42:52"}
{"action":"updateLog","type":"attachments","progress":11,"message":"Importing Attachments: (4\/39)","timestamp":"2025-09-02 05:42:53"}
{"action":"eventLog","type":"attachments","progress":1,"message":"Before inserting attachment: victor-elvira-avalos-lIyu0aLbMVI-unsplash 1","timestamp":"2025-09-02 05:42:53"}
{"action":"eventLog","type":"attachments","progress":1,"message":"After inserting attachment: victor-elvira-avalos-lIyu0aLbMVI-unsplash 1","timestamp":"2025-09-02 05:42:53"}
{"action":"eventLog","type":"attachments","progress":1,"message":"Updated attachment metadata: 250","timestamp":"2025-09-02 05:42:53"}
{"action":"eventLog","type":"attachments","progress":1,"message":"Updated attachment metadata: 250","timestamp":"2025-09-02 05:42:53"}
{"action":"eventLog","type":"attachments","progress":1,"message":"Updated attachment metadata: 250","timestamp":"2025-09-02 05:42:53"}
{"action":"eventLog","type":"attachments","progress":1,"message":"Updated attachment metadata: 250","timestamp":"2025-09-02 05:42:53"}
{"action":"eventLog","type":"attachments","progress":1,"message":"Updated attachment metadata: 250","timestamp":"2025-09-02 05:42:53"}
{"action":"eventLog","type":"attachments","progress":1,"message":"Updated attachment metadata: 250","timestamp":"2025-09-02 05:42:53"}
{"action":"eventLog","type":"attachments","progress":1,"message":"Updated attachment metadata: 250","timestamp":"2025-09-02 05:42:53"}
{"action":"eventLog","type":"attachments","progress":1,"message":"Updated attachment metadata: 250","timestamp":"2025-09-02 05:42:53"}
{"action":"eventLog","type":"attachments","progress":1,"message":"Updated attachment metadata: 250","timestamp":"2025-09-02 05:42:53"}
{"action":"updateLog","type":"attachments","progress":13,"message":"Importing Attachments: (5\/39)","timestamp":"2025-09-02 05:42:53"}
{"action":"eventLog","type":"attachments","progress":1,"message":"Before inserting attachment: ben-white-1urNubNAQbI-unsplash 1","timestamp":"2025-09-02 05:42:53"}
{"action":"eventLog","type":"attachments","progress":1,"message":"After inserting attachment: ben-white-1urNubNAQbI-unsplash 1","timestamp":"2025-09-02 05:42:53"}
{"action":"eventLog","type":"attachments","progress":1,"message":"Updated attachment metadata: 251","timestamp":"2025-09-02 05:42:53"}
{"action":"eventLog","type":"attachments","progress":1,"message":"Updated attachment metadata: 251","timestamp":"2025-09-02 05:42:53"}
{"action":"eventLog","type":"attachments","progress":1,"message":"Updated attachment metadata: 251","timestamp":"2025-09-02 05:42:53"}
{"action":"eventLog","type":"attachments","progress":1,"message":"Updated attachment metadata: 251","timestamp":"2025-09-02 05:42:53"}
{"action":"eventLog","type":"attachments","progress":1,"message":"Updated attachment metadata: 251","timestamp":"2025-09-02 05:42:53"}
{"action":"eventLog","type":"attachments","progress":1,"message":"Updated attachment metadata: 251","timestamp":"2025-09-02 05:42:53"}
{"action":"eventLog","type":"attachments","progress":1,"message":"Updated attachment metadata: 251","timestamp":"2025-09-02 05:42:53"}
{"action":"eventLog","type":"attachments","progress":1,"message":"Updated attachment metadata: 251","timestamp":"2025-09-02 05:42:53"}
{"action":"updateLog","type":"attachments","progress":16,"message":"Importing Attachments: (6\/39)","timestamp":"2025-09-02 05:42:53"}
{"action":"eventLog","type":"attachments","progress":1,"message":"Before inserting attachment: diana-polekhina-53m8pcXQQE4-unsplash 2","timestamp":"2025-09-02 05:42:53"}
{"action":"eventLog","type":"attachments","progress":1,"message":"After inserting attachment: diana-polekhina-53m8pcXQQE4-unsplash 2","timestamp":"2025-09-02 05:42:53"}
{"action":"eventLog","type":"attachments","progress":1,"message":"Updated attachment metadata: 252","timestamp":"2025-09-02 05:42:53"}
{"action":"eventLog","type":"attachments","progress":1,"message":"Updated attachment metadata: 252","timestamp":"2025-09-02 05:42:53"}
{"action":"eventLog","type":"attachments","progress":1,"message":"Updated attachment metadata: 252","timestamp":"2025-09-02 05:42:53"}
{"action":"eventLog","type":"attachments","progress":1,"message":"Updated attachment metadata: 252","timestamp":"2025-09-02 05:42:53"}
{"action":"eventLog","type":"attachments","progress":1,"message":"Updated attachment metadata: 252","timestamp":"2025-09-02 05:42:53"}
{"action":"eventLog","type":"attachments","progress":1,"message":"Updated attachment metadata: 252","timestamp":"2025-09-02 05:42:53"}
{"action":"eventLog","type":"attachments","progress":1,"message":"Updated attachment metadata: 252","timestamp":"2025-09-02 05:42:53"}
{"action":"eventLog","type":"attachments","progress":1,"message":"Updated attachment metadata: 252","timestamp":"2025-09-02 05:42:53"}
{"action":"updateLog","type":"attachments","progress":18,"message":"Importing Attachments: (7\/39)","timestamp":"2025-09-02 05:42:53"}
{"action":"eventLog","type":"attachments","progress":1,"message":"Before inserting attachment: drew-coffman-llWjwo200fo-unsplash 1","timestamp":"2025-09-02 05:42:53"}
{"action":"eventLog","type":"attachments","progress":1,"message":"After inserting attachment: drew-coffman-llWjwo200fo-unsplash 1","timestamp":"2025-09-02 05:42:53"}
{"action":"eventLog","type":"attachments","progress":1,"message":"Updated attachment metadata: 253","timestamp":"2025-09-02 05:42:53"}
{"action":"eventLog","type":"attachments","progress":1,"message":"Updated attachment metadata: 253","timestamp":"2025-09-02 05:42:53"}
{"action":"eventLog","type":"attachments","progress":1,"message":"Updated attachment metadata: 253","timestamp":"2025-09-02 05:42:53"}
{"action":"eventLog","type":"attachments","progress":1,"message":"Updated attachment metadata: 253","timestamp":"2025-09-02 05:42:53"}
{"action":"eventLog","type":"attachments","progress":1,"message":"Updated attachment metadata: 253","timestamp":"2025-09-02 05:42:53"}
{"action":"eventLog","type":"attachments","progress":1,"message":"Updated attachment metadata: 253","timestamp":"2025-09-02 05:42:53"}
{"action":"eventLog","type":"attachments","progress":1,"message":"Updated attachment metadata: 253","timestamp":"2025-09-02 05:42:53"}
{"action":"eventLog","type":"attachments","progress":1,"message":"Updated attachment metadata: 253","timestamp":"2025-09-02 05:42:53"}
{"action":"updateLog","type":"attachments","progress":21,"message":"Importing Attachments: (8\/39)","timestamp":"2025-09-02 05:42:53"}
{"action":"eventLog","type":"attachments","progress":1,"message":"Before inserting attachment: josh-applegate-mjn1LcoU1Cw-unsplash 1","timestamp":"2025-09-02 05:42:53"}
{"action":"eventLog","type":"attachments","progress":1,"message":"After inserting attachment: josh-applegate-mjn1LcoU1Cw-unsplash 1","timestamp":"2025-09-02 05:42:53"}
{"action":"eventLog","type":"attachments","progress":1,"message":"Updated attachment metadata: 254","timestamp":"2025-09-02 05:42:53"}
{"action":"eventLog","type":"attachments","progress":1,"message":"Updated attachment metadata: 254","timestamp":"2025-09-02 05:42:54"}
{"action":"eventLog","type":"attachments","progress":1,"message":"Updated attachment metadata: 254","timestamp":"2025-09-02 05:42:54"}
{"action":"eventLog","type":"attachments","progress":1,"message":"Updated attachment metadata: 254","timestamp":"2025-09-02 05:42:54"}
{"action":"eventLog","type":"attachments","progress":1,"message":"Updated attachment metadata: 254","timestamp":"2025-09-02 05:42:54"}
{"action":"eventLog","type":"attachments","progress":1,"message":"Updated attachment metadata: 254","timestamp":"2025-09-02 05:42:54"}
{"action":"eventLog","type":"attachments","progress":1,"message":"Updated attachment metadata: 254","timestamp":"2025-09-02 05:42:54"}
{"action":"eventLog","type":"attachments","progress":1,"message":"Updated attachment metadata: 254","timestamp":"2025-09-02 05:42:54"}
{"action":"updateLog","type":"attachments","progress":24,"message":"Importing Attachments: (9\/39)","timestamp":"2025-09-02 05:42:54"}
{"action":"eventLog","type":"attachments","progress":1,"message":"Before inserting attachment: maria-oswalt-loxWC9cSEOU-unsplash 1","timestamp":"2025-09-02 05:42:54"}
{"action":"eventLog","type":"attachments","progress":1,"message":"After inserting attachment: maria-oswalt-loxWC9cSEOU-unsplash 1","timestamp":"2025-09-02 05:42:54"}
{"action":"eventLog","type":"attachments","progress":1,"message":"Updated attachment metadata: 255","timestamp":"2025-09-02 05:42:54"}
{"action":"eventLog","type":"attachments","progress":1,"message":"Updated attachment metadata: 255","timestamp":"2025-09-02 05:42:54"}
{"action":"eventLog","type":"attachments","progress":1,"message":"Updated attachment metadata: 255","timestamp":"2025-09-02 05:42:54"}
{"action":"eventLog","type":"attachments","progress":1,"message":"Updated attachment metadata: 255","timestamp":"2025-09-02 05:42:54"}
{"action":"eventLog","type":"attachments","progress":1,"message":"Updated attachment metadata: 255","timestamp":"2025-09-02 05:42:54"}
{"action":"eventLog","type":"attachments","progress":1,"message":"Updated attachment metadata: 255","timestamp":"2025-09-02 05:42:54"}
{"action":"eventLog","type":"attachments","progress":1,"message":"Updated attachment metadata: 255","timestamp":"2025-09-02 05:42:54"}
{"action":"eventLog","type":"attachments","progress":1,"message":"Updated attachment metadata: 255","timestamp":"2025-09-02 05:42:54"}
{"action":"updateLog","type":"attachments","progress":26,"message":"Importing Attachments: (10\/39)","timestamp":"2025-09-02 05:42:54"}
{"action":"eventLog","type":"attachments","progress":1,"message":"Before inserting attachment: tanner-ross-Jq9lR3AvWGs-unsplash 1","timestamp":"2025-09-02 05:42:54"}
{"action":"eventLog","type":"attachments","progress":1,"message":"After inserting attachment: tanner-ross-Jq9lR3AvWGs-unsplash 1","timestamp":"2025-09-02 05:42:54"}
{"action":"eventLog","type":"attachments","progress":1,"message":"Updated attachment metadata: 256","timestamp":"2025-09-02 05:42:54"}
{"action":"eventLog","type":"attachments","progress":1,"message":"Updated attachment metadata: 256","timestamp":"2025-09-02 05:42:54"}
{"action":"eventLog","type":"attachments","progress":1,"message":"Updated attachment metadata: 256","timestamp":"2025-09-02 05:42:54"}
{"action":"eventLog","type":"attachments","progress":1,"message":"Updated attachment metadata: 256","timestamp":"2025-09-02 05:42:54"}
{"action":"eventLog","type":"attachments","progress":1,"message":"Updated attachment metadata: 256","timestamp":"2025-09-02 05:42:54"}
{"action":"eventLog","type":"attachments","progress":1,"message":"Updated attachment metadata: 256","timestamp":"2025-09-02 05:42:54"}
{"action":"eventLog","type":"attachments","progress":1,"message":"Updated attachment metadata: 256","timestamp":"2025-09-02 05:42:54"}
{"action":"eventLog","type":"attachments","progress":1,"message":"Updated attachment metadata: 256","timestamp":"2025-09-02 05:42:54"}
{"action":"updateLog","type":"attachments","progress":29,"message":"Importing Attachments: (11\/39)","timestamp":"2025-09-02 05:42:54"}
{"action":"eventLog","type":"attachments","progress":1,"message":"Before inserting attachment: Group-1051.png","timestamp":"2025-09-02 05:42:54"}
{"action":"eventLog","type":"attachments","progress":1,"message":"After inserting attachment: Group-1051.png","timestamp":"2025-09-02 05:42:54"}
{"action":"eventLog","type":"attachments","progress":1,"message":"Updated attachment metadata: 257","timestamp":"2025-09-02 05:42:54"}
{"action":"eventLog","type":"attachments","progress":1,"message":"Updated attachment metadata: 257","timestamp":"2025-09-02 05:42:54"}
{"action":"eventLog","type":"attachments","progress":1,"message":"Updated attachment metadata: 257","timestamp":"2025-09-02 05:42:54"}
{"action":"updateLog","type":"attachments","progress":31,"message":"Importing Attachments: (12\/39)","timestamp":"2025-09-02 05:42:54"}
{"action":"eventLog","type":"attachments","progress":1,"message":"Before inserting attachment: Group-1052-1.png","timestamp":"2025-09-02 05:42:54"}
{"action":"eventLog","type":"attachments","progress":1,"message":"After inserting attachment: Group-1052-1.png","timestamp":"2025-09-02 05:42:54"}
{"action":"eventLog","type":"attachments","progress":1,"message":"Updated attachment metadata: 258","timestamp":"2025-09-02 05:42:54"}
{"action":"eventLog","type":"attachments","progress":1,"message":"Updated attachment metadata: 258","timestamp":"2025-09-02 05:42:54"}
{"action":"eventLog","type":"attachments","progress":1,"message":"Updated attachment metadata: 258","timestamp":"2025-09-02 05:42:54"}
{"action":"updateLog","type":"attachments","progress":34,"message":"Importing Attachments: (13\/39)","timestamp":"2025-09-02 05:42:54"}
{"action":"eventLog","type":"attachments","progress":1,"message":"Before inserting attachment: Group-105-32.png","timestamp":"2025-09-02 05:42:54"}
{"action":"eventLog","type":"attachments","progress":1,"message":"After inserting attachment: Group-105-32.png","timestamp":"2025-09-02 05:42:54"}
{"action":"eventLog","type":"attachments","progress":1,"message":"Updated attachment metadata: 259","timestamp":"2025-09-02 05:42:54"}
{"action":"eventLog","type":"attachments","progress":1,"message":"Updated attachment metadata: 259","timestamp":"2025-09-02 05:42:54"}
{"action":"eventLog","type":"attachments","progress":1,"message":"Updated attachment metadata: 259","timestamp":"2025-09-02 05:42:54"}
{"action":"updateLog","type":"attachments","progress":36,"message":"Importing Attachments: (14\/39)","timestamp":"2025-09-02 05:42:54"}
{"action":"eventLog","type":"attachments","progress":1,"message":"Before inserting attachment: Group-105-2.png","timestamp":"2025-09-02 05:42:54"}
{"action":"eventLog","type":"attachments","progress":1,"message":"After inserting attachment: Group-105-2.png","timestamp":"2025-09-02 05:42:54"}
{"action":"eventLog","type":"attachments","progress":1,"message":"Updated attachment metadata: 260","timestamp":"2025-09-02 05:42:54"}
{"action":"eventLog","type":"attachments","progress":1,"message":"Updated attachment metadata: 260","timestamp":"2025-09-02 05:42:54"}
{"action":"eventLog","type":"attachments","progress":1,"message":"Updated attachment metadata: 260","timestamp":"2025-09-02 05:42:54"}
{"action":"updateLog","type":"attachments","progress":39,"message":"Importing Attachments: (15\/39)","timestamp":"2025-09-02 05:42:54"}
{"action":"eventLog","type":"attachments","progress":1,"message":"Before inserting attachment: Group-105-4.png","timestamp":"2025-09-02 05:42:54"}
{"action":"eventLog","type":"attachments","progress":1,"message":"After inserting attachment: Group-105-4.png","timestamp":"2025-09-02 05:42:54"}
{"action":"eventLog","type":"attachments","progress":1,"message":"Updated attachment metadata: 261","timestamp":"2025-09-02 05:42:54"}
{"action":"eventLog","type":"attachments","progress":1,"message":"Updated attachment metadata: 261","timestamp":"2025-09-02 05:42:54"}
{"action":"eventLog","type":"attachments","progress":1,"message":"Updated attachment metadata: 261","timestamp":"2025-09-02 05:42:54"}
{"action":"updateLog","type":"attachments","progress":42,"message":"Importing Attachments: (16\/39)","timestamp":"2025-09-02 05:42:54"}
{"action":"eventLog","type":"attachments","progress":1,"message":"Before inserting attachment: Group-105-5.png","timestamp":"2025-09-02 05:42:54"}
{"action":"eventLog","type":"attachments","progress":1,"message":"After inserting attachment: Group-105-5.png","timestamp":"2025-09-02 05:42:54"}
{"action":"eventLog","type":"attachments","progress":1,"message":"Updated attachment metadata: 262","timestamp":"2025-09-02 05:42:54"}
{"action":"eventLog","type":"attachments","progress":1,"message":"Updated attachment metadata: 262","timestamp":"2025-09-02 05:42:54"}
{"action":"eventLog","type":"attachments","progress":1,"message":"Updated attachment metadata: 262","timestamp":"2025-09-02 05:42:54"}
{"action":"updateLog","type":"attachments","progress":44,"message":"Importing Attachments: (17\/39)","timestamp":"2025-09-02 05:42:54"}
{"action":"eventLog","type":"attachments","progress":1,"message":"Before inserting attachment: Group-105-1-1.png","timestamp":"2025-09-02 05:42:54"}
{"action":"eventLog","type":"attachments","progress":1,"message":"After inserting attachment: Group-105-1-1.png","timestamp":"2025-09-02 05:42:54"}
{"action":"eventLog","type":"attachments","progress":1,"message":"Updated attachment metadata: 263","timestamp":"2025-09-02 05:42:54"}
{"action":"eventLog","type":"attachments","progress":1,"message":"Updated attachment metadata: 263","timestamp":"2025-09-02 05:42:54"}
{"action":"eventLog","type":"attachments","progress":1,"message":"Updated attachment metadata: 263","timestamp":"2025-09-02 05:42:54"}
{"action":"updateLog","type":"attachments","progress":47,"message":"Importing Attachments: (18\/39)","timestamp":"2025-09-02 05:42:54"}
{"action":"eventLog","type":"attachments","progress":1,"message":"Before inserting attachment: Group-105-2-1.png","timestamp":"2025-09-02 05:42:54"}
{"action":"eventLog","type":"attachments","progress":1,"message":"After inserting attachment: Group-105-2-1.png","timestamp":"2025-09-02 05:42:54"}
{"action":"eventLog","type":"attachments","progress":1,"message":"Updated attachment metadata: 264","timestamp":"2025-09-02 05:42:54"}
{"action":"eventLog","type":"attachments","progress":1,"message":"Updated attachment metadata: 264","timestamp":"2025-09-02 05:42:54"}
{"action":"eventLog","type":"attachments","progress":1,"message":"Updated attachment metadata: 264","timestamp":"2025-09-02 05:42:54"}
{"action":"updateLog","type":"attachments","progress":49,"message":"Importing Attachments: (19\/39)","timestamp":"2025-09-02 05:42:54"}
{"action":"eventLog","type":"attachments","progress":1,"message":"Before inserting attachment: Group-105-3.png","timestamp":"2025-09-02 05:42:54"}
{"action":"eventLog","type":"attachments","progress":1,"message":"After inserting attachment: Group-105-3.png","timestamp":"2025-09-02 05:42:54"}
{"action":"eventLog","type":"attachments","progress":1,"message":"Updated attachment metadata: 265","timestamp":"2025-09-02 05:42:54"}
{"action":"eventLog","type":"attachments","progress":1,"message":"Updated attachment metadata: 265","timestamp":"2025-09-02 05:42:54"}
{"action":"eventLog","type":"attachments","progress":1,"message":"Updated attachment metadata: 265","timestamp":"2025-09-02 05:42:54"}
{"action":"updateLog","type":"attachments","progress":52,"message":"Importing Attachments: (20\/39)","timestamp":"2025-09-02 05:42:54"}
{"action":"eventLog","type":"attachments","progress":1,"message":"Before inserting attachment: Mask-Group-6.png","timestamp":"2025-09-02 05:42:54"}
{"action":"eventLog","type":"attachments","progress":1,"message":"After inserting attachment: Mask-Group-6.png","timestamp":"2025-09-02 05:42:54"}
{"action":"eventLog","type":"attachments","progress":1,"message":"Updated attachment metadata: 266","timestamp":"2025-09-02 05:42:54"}
{"action":"eventLog","type":"attachments","progress":1,"message":"Updated attachment metadata: 266","timestamp":"2025-09-02 05:42:54"}
{"action":"eventLog","type":"attachments","progress":1,"message":"Updated attachment metadata: 266","timestamp":"2025-09-02 05:42:54"}
{"action":"eventLog","type":"attachments","progress":1,"message":"Updated attachment metadata: 266","timestamp":"2025-09-02 05:42:54"}
{"action":"eventLog","type":"attachments","progress":1,"message":"Updated attachment metadata: 266","timestamp":"2025-09-02 05:42:54"}
{"action":"updateLog","type":"attachments","progress":54,"message":"Importing Attachments: (21\/39)","timestamp":"2025-09-02 05:42:54"}
{"action":"eventLog","type":"attachments","progress":1,"message":"Before inserting attachment: Mask-Group-1-1.png","timestamp":"2025-09-02 05:42:54"}
{"action":"eventLog","type":"attachments","progress":1,"message":"After inserting attachment: Mask-Group-1-1.png","timestamp":"2025-09-02 05:42:54"}
{"action":"eventLog","type":"attachments","progress":1,"message":"Updated attachment metadata: 267","timestamp":"2025-09-02 05:42:54"}
{"action":"eventLog","type":"attachments","progress":1,"message":"Updated attachment metadata: 267","timestamp":"2025-09-02 05:42:55"}
{"action":"eventLog","type":"attachments","progress":1,"message":"Updated attachment metadata: 267","timestamp":"2025-09-02 05:42:55"}
{"action":"eventLog","type":"attachments","progress":1,"message":"Updated attachment metadata: 267","timestamp":"2025-09-02 05:42:55"}
{"action":"eventLog","type":"attachments","progress":1,"message":"Updated attachment metadata: 267","timestamp":"2025-09-02 05:42:55"}
{"action":"updateLog","type":"attachments","progress":57,"message":"Importing Attachments: (22\/39)","timestamp":"2025-09-02 05:42:55"}
{"action":"eventLog","type":"attachments","progress":1,"message":"Before inserting attachment: Mask-Group-2-1.png","timestamp":"2025-09-02 05:42:55"}
{"action":"eventLog","type":"attachments","progress":1,"message":"After inserting attachment: Mask-Group-2-1.png","timestamp":"2025-09-02 05:42:55"}
{"action":"eventLog","type":"attachments","progress":1,"message":"Updated attachment metadata: 268","timestamp":"2025-09-02 05:42:55"}
{"action":"eventLog","type":"attachments","progress":1,"message":"Updated attachment metadata: 268","timestamp":"2025-09-02 05:42:55"}
{"action":"eventLog","type":"attachments","progress":1,"message":"Updated attachment metadata: 268","timestamp":"2025-09-02 05:42:55"}
{"action":"eventLog","type":"attachments","progress":1,"message":"Updated attachment metadata: 268","timestamp":"2025-09-02 05:42:55"}
{"action":"eventLog","type":"attachments","progress":1,"message":"Updated attachment metadata: 268","timestamp":"2025-09-02 05:42:55"}
{"action":"updateLog","type":"attachments","progress":59,"message":"Importing Attachments: (23\/39)","timestamp":"2025-09-02 05:42:55"}
{"action":"eventLog","type":"attachments","progress":1,"message":"Before inserting attachment: Mask-Group-3-1.png","timestamp":"2025-09-02 05:42:55"}
{"action":"eventLog","type":"attachments","progress":1,"message":"After inserting attachment: Mask-Group-3-1.png","timestamp":"2025-09-02 05:42:55"}
{"action":"eventLog","type":"attachments","progress":1,"message":"Updated attachment metadata: 269","timestamp":"2025-09-02 05:42:55"}
{"action":"eventLog","type":"attachments","progress":1,"message":"Updated attachment metadata: 269","timestamp":"2025-09-02 05:42:55"}
{"action":"eventLog","type":"attachments","progress":1,"message":"Updated attachment metadata: 269","timestamp":"2025-09-02 05:42:55"}
{"action":"eventLog","type":"attachments","progress":1,"message":"Updated attachment metadata: 269","timestamp":"2025-09-02 05:42:55"}
{"action":"eventLog","type":"attachments","progress":1,"message":"Updated attachment metadata: 269","timestamp":"2025-09-02 05:42:55"}
{"action":"updateLog","type":"attachments","progress":62,"message":"Importing Attachments: (24\/39)","timestamp":"2025-09-02 05:42:55"}
{"action":"eventLog","type":"attachments","progress":1,"message":"Before inserting attachment: young-handsome-man-with-beard-isolated-keeping-arms-crossed-frontal-position-1.png","timestamp":"2025-09-02 05:42:55"}
{"action":"eventLog","type":"attachments","progress":1,"message":"After inserting attachment: young-handsome-man-with-beard-isolated-keeping-arms-crossed-frontal-position-1.png","timestamp":"2025-09-02 05:42:55"}
{"action":"eventLog","type":"attachments","progress":1,"message":"Updated attachment metadata: 270","timestamp":"2025-09-02 05:42:55"}
{"action":"eventLog","type":"attachments","progress":1,"message":"Updated attachment metadata: 270","timestamp":"2025-09-02 05:42:55"}
{"action":"updateLog","type":"attachments","progress":65,"message":"Importing Attachments: (25\/39)","timestamp":"2025-09-02 05:42:55"}
{"action":"eventLog","type":"attachments","progress":1,"message":"Before inserting attachment: woman-with-laptop-computer-sitting-floor-isolated-white-1.png","timestamp":"2025-09-02 05:42:55"}
{"action":"eventLog","type":"attachments","progress":1,"message":"After inserting attachment: woman-with-laptop-computer-sitting-floor-isolated-white-1.png","timestamp":"2025-09-02 05:42:55"}
{"action":"eventLog","type":"attachments","progress":1,"message":"Updated attachment metadata: 271","timestamp":"2025-09-02 05:42:55"}
{"action":"eventLog","type":"attachments","progress":1,"message":"Updated attachment metadata: 271","timestamp":"2025-09-02 05:42:55"}
{"action":"updateLog","type":"attachments","progress":67,"message":"Importing Attachments: (26\/39)","timestamp":"2025-09-02 05:42:55"}
{"action":"eventLog","type":"attachments","progress":1,"message":"Before inserting attachment: biel-morro-d0xjEv-WJQk-unsplash-1.png","timestamp":"2025-09-02 05:42:55"}
{"action":"eventLog","type":"attachments","progress":1,"message":"After inserting attachment: biel-morro-d0xjEv-WJQk-unsplash-1.png","timestamp":"2025-09-02 05:42:55"}
{"action":"eventLog","type":"attachments","progress":1,"message":"Updated attachment metadata: 272","timestamp":"2025-09-02 05:42:55"}
{"action":"eventLog","type":"attachments","progress":1,"message":"Updated attachment metadata: 272","timestamp":"2025-09-02 05:42:55"}
{"action":"eventLog","type":"attachments","progress":1,"message":"Updated attachment metadata: 272","timestamp":"2025-09-02 05:42:55"}
{"action":"updateLog","type":"attachments","progress":70,"message":"Importing Attachments: (27\/39)","timestamp":"2025-09-02 05:42:55"}
{"action":"eventLog","type":"attachments","progress":1,"message":"Before inserting attachment: pexels-pavel-danilyuk-8814998-2.png","timestamp":"2025-09-02 05:42:55"}
{"action":"eventLog","type":"attachments","progress":1,"message":"After inserting attachment: pexels-pavel-danilyuk-8814998-2.png","timestamp":"2025-09-02 05:42:55"}
{"action":"eventLog","type":"attachments","progress":1,"message":"Updated attachment metadata: 273","timestamp":"2025-09-02 05:42:55"}
{"action":"eventLog","type":"attachments","progress":1,"message":"Updated attachment metadata: 273","timestamp":"2025-09-02 05:42:55"}
{"action":"eventLog","type":"attachments","progress":1,"message":"Updated attachment metadata: 273","timestamp":"2025-09-02 05:42:55"}
{"action":"updateLog","type":"attachments","progress":72,"message":"Importing Attachments: (28\/39)","timestamp":"2025-09-02 05:42:55"}
{"action":"eventLog","type":"attachments","progress":1,"message":"Before inserting attachment: kiwihug-L4gw27XZN1I-unsplash-1.png","timestamp":"2025-09-02 05:42:55"}
{"action":"eventLog","type":"attachments","progress":1,"message":"After inserting attachment: kiwihug-L4gw27XZN1I-unsplash-1.png","timestamp":"2025-09-02 05:42:55"}
{"action":"eventLog","type":"attachments","progress":1,"message":"Updated attachment metadata: 274","timestamp":"2025-09-02 05:42:55"}
{"action":"eventLog","type":"attachments","progress":1,"message":"Updated attachment metadata: 274","timestamp":"2025-09-02 05:42:55"}
{"action":"eventLog","type":"attachments","progress":1,"message":"Updated attachment metadata: 274","timestamp":"2025-09-02 05:42:55"}
{"action":"updateLog","type":"attachments","progress":75,"message":"Importing Attachments: (29\/39)","timestamp":"2025-09-02 05:42:55"}
{"action":"eventLog","type":"attachments","progress":1,"message":"Before inserting attachment: Group-212.png","timestamp":"2025-09-02 05:42:55"}
{"action":"eventLog","type":"attachments","progress":1,"message":"After inserting attachment: Group-212.png","timestamp":"2025-09-02 05:42:55"}
{"action":"eventLog","type":"attachments","progress":1,"message":"Updated attachment metadata: 275","timestamp":"2025-09-02 05:42:55"}
{"action":"eventLog","type":"attachments","progress":1,"message":"Updated attachment metadata: 275","timestamp":"2025-09-02 05:42:55"}
{"action":"updateLog","type":"attachments","progress":77,"message":"Importing Attachments: (30\/39)","timestamp":"2025-09-02 05:42:55"}
{"action":"eventLog","type":"attachments","progress":1,"message":"Before inserting attachment: Group-212-1.png","timestamp":"2025-09-02 05:42:55"}
{"action":"eventLog","type":"attachments","progress":1,"message":"After inserting attachment: Group-212-1.png","timestamp":"2025-09-02 05:42:55"}
{"action":"eventLog","type":"attachments","progress":1,"message":"Updated attachment metadata: 276","timestamp":"2025-09-02 05:42:55"}
{"action":"eventLog","type":"attachments","progress":1,"message":"Updated attachment metadata: 276","timestamp":"2025-09-02 05:42:55"}
{"action":"updateLog","type":"attachments","progress":80,"message":"Importing Attachments: (31\/39)","timestamp":"2025-09-02 05:42:55"}
{"action":"eventLog","type":"attachments","progress":1,"message":"Before inserting attachment: Group-212-2.png","timestamp":"2025-09-02 05:42:55"}
{"action":"eventLog","type":"attachments","progress":1,"message":"After inserting attachment: Group-212-2.png","timestamp":"2025-09-02 05:42:55"}
{"action":"eventLog","type":"attachments","progress":1,"message":"Updated attachment metadata: 277","timestamp":"2025-09-02 05:42:55"}
{"action":"eventLog","type":"attachments","progress":1,"message":"Updated attachment metadata: 277","timestamp":"2025-09-02 05:42:55"}
{"action":"updateLog","type":"attachments","progress":83,"message":"Importing Attachments: (32\/39)","timestamp":"2025-09-02 05:42:55"}
{"action":"eventLog","type":"attachments","progress":1,"message":"Before inserting attachment: 816210fa-pexels-cottonbro-6266086-1.png","timestamp":"2025-09-02 05:42:55"}
{"action":"eventLog","type":"attachments","progress":1,"message":"After inserting attachment: 816210fa-pexels-cottonbro-6266086-1.png","timestamp":"2025-09-02 05:42:55"}
{"action":"eventLog","type":"attachments","progress":1,"message":"Updated attachment metadata: 278","timestamp":"2025-09-02 05:42:55"}
{"action":"eventLog","type":"attachments","progress":1,"message":"Updated attachment metadata: 278","timestamp":"2025-09-02 05:42:55"}
{"action":"eventLog","type":"attachments","progress":1,"message":"Updated attachment metadata: 278","timestamp":"2025-09-02 05:42:55"}
{"action":"eventLog","type":"attachments","progress":1,"message":"Updated attachment metadata: 278","timestamp":"2025-09-02 05:42:55"}
{"action":"eventLog","type":"attachments","progress":1,"message":"Updated attachment metadata: 278","timestamp":"2025-09-02 05:42:55"}
{"action":"eventLog","type":"attachments","progress":1,"message":"Updated attachment metadata: 278","timestamp":"2025-09-02 05:42:55"}
{"action":"eventLog","type":"attachments","progress":1,"message":"Updated attachment metadata: 278","timestamp":"2025-09-02 05:42:55"}
{"action":"eventLog","type":"attachments","progress":1,"message":"Updated attachment metadata: 278","timestamp":"2025-09-02 05:42:55"}
{"action":"updateLog","type":"attachments","progress":85,"message":"Importing Attachments: (33\/39)","timestamp":"2025-09-02 05:42:55"}
{"action":"eventLog","type":"attachments","progress":1,"message":"Before inserting attachment: 5c6a2c1a-pexels-pavel-danilyuk-8814998-1.png","timestamp":"2025-09-02 05:42:55"}
{"action":"eventLog","type":"attachments","progress":1,"message":"After inserting attachment: 5c6a2c1a-pexels-pavel-danilyuk-8814998-1.png","timestamp":"2025-09-02 05:42:55"}
{"action":"eventLog","type":"attachments","progress":1,"message":"Updated attachment metadata: 279","timestamp":"2025-09-02 05:42:55"}
{"action":"eventLog","type":"attachments","progress":1,"message":"Updated attachment metadata: 279","timestamp":"2025-09-02 05:42:55"}
{"action":"eventLog","type":"attachments","progress":1,"message":"Updated attachment metadata: 279","timestamp":"2025-09-02 05:42:55"}
{"action":"eventLog","type":"attachments","progress":1,"message":"Updated attachment metadata: 279","timestamp":"2025-09-02 05:42:55"}
{"action":"eventLog","type":"attachments","progress":1,"message":"Updated attachment metadata: 279","timestamp":"2025-09-02 05:42:55"}
{"action":"eventLog","type":"attachments","progress":1,"message":"Updated attachment metadata: 279","timestamp":"2025-09-02 05:42:55"}
{"action":"eventLog","type":"attachments","progress":1,"message":"Updated attachment metadata: 279","timestamp":"2025-09-02 05:42:56"}
{"action":"eventLog","type":"attachments","progress":1,"message":"Updated attachment metadata: 279","timestamp":"2025-09-02 05:42:56"}
{"action":"updateLog","type":"attachments","progress":88,"message":"Importing Attachments: (34\/39)","timestamp":"2025-09-02 05:42:56"}
{"action":"eventLog","type":"attachments","progress":1,"message":"Before inserting attachment: 56b36663-pexels-andrea-piacquadio-3778876-1.png","timestamp":"2025-09-02 05:42:56"}
{"action":"eventLog","type":"attachments","progress":1,"message":"After inserting attachment: 56b36663-pexels-andrea-piacquadio-3778876-1.png","timestamp":"2025-09-02 05:42:56"}
{"action":"eventLog","type":"attachments","progress":1,"message":"Updated attachment metadata: 280","timestamp":"2025-09-02 05:42:56"}
{"action":"eventLog","type":"attachments","progress":1,"message":"Updated attachment metadata: 280","timestamp":"2025-09-02 05:42:56"}
{"action":"eventLog","type":"attachments","progress":1,"message":"Updated attachment metadata: 280","timestamp":"2025-09-02 05:42:56"}
{"action":"eventLog","type":"attachments","progress":1,"message":"Updated attachment metadata: 280","timestamp":"2025-09-02 05:42:56"}
{"action":"eventLog","type":"attachments","progress":1,"message":"Updated attachment metadata: 280","timestamp":"2025-09-02 05:42:56"}
{"action":"eventLog","type":"attachments","progress":1,"message":"Updated attachment metadata: 280","timestamp":"2025-09-02 05:42:56"}
{"action":"eventLog","type":"attachments","progress":1,"message":"Updated attachment metadata: 280","timestamp":"2025-09-02 05:42:56"}
{"action":"eventLog","type":"attachments","progress":1,"message":"Updated attachment metadata: 280","timestamp":"2025-09-02 05:42:56"}
{"action":"updateLog","type":"attachments","progress":90,"message":"Importing Attachments: (35\/39)","timestamp":"2025-09-02 05:42:56"}
{"action":"eventLog","type":"attachments","progress":1,"message":"Before inserting attachment: 9ebda238-pexels-dinielle-de-veyra-4195342-1.png","timestamp":"2025-09-02 05:42:56"}
{"action":"eventLog","type":"attachments","progress":1,"message":"After inserting attachment: 9ebda238-pexels-dinielle-de-veyra-4195342-1.png","timestamp":"2025-09-02 05:42:56"}
{"action":"eventLog","type":"attachments","progress":1,"message":"Updated attachment metadata: 281","timestamp":"2025-09-02 05:42:56"}
{"action":"eventLog","type":"attachments","progress":1,"message":"Updated attachment metadata: 281","timestamp":"2025-09-02 05:42:56"}
{"action":"eventLog","type":"attachments","progress":1,"message":"Updated attachment metadata: 281","timestamp":"2025-09-02 05:42:56"}
{"action":"eventLog","type":"attachments","progress":1,"message":"Updated attachment metadata: 281","timestamp":"2025-09-02 05:42:56"}
{"action":"eventLog","type":"attachments","progress":1,"message":"Updated attachment metadata: 281","timestamp":"2025-09-02 05:42:56"}
{"action":"eventLog","type":"attachments","progress":1,"message":"Updated attachment metadata: 281","timestamp":"2025-09-02 05:42:56"}
{"action":"eventLog","type":"attachments","progress":1,"message":"Updated attachment metadata: 281","timestamp":"2025-09-02 05:42:56"}
{"action":"eventLog","type":"attachments","progress":1,"message":"Updated attachment metadata: 281","timestamp":"2025-09-02 05:42:56"}
{"action":"updateLog","type":"attachments","progress":93,"message":"Importing Attachments: (36\/39)","timestamp":"2025-09-02 05:42:56"}
{"action":"eventLog","type":"attachments","progress":1,"message":"Before inserting attachment: c7574256-mohamad-khosravi-hgyaiyvmwkw-unsplash-1.png","timestamp":"2025-09-02 05:42:56"}
{"action":"eventLog","type":"attachments","progress":1,"message":"After inserting attachment: c7574256-mohamad-khosravi-hgyaiyvmwkw-unsplash-1.png","timestamp":"2025-09-02 05:42:56"}
{"action":"eventLog","type":"attachments","progress":1,"message":"Updated attachment metadata: 282","timestamp":"2025-09-02 05:42:56"}
{"action":"eventLog","type":"attachments","progress":1,"message":"Updated attachment metadata: 282","timestamp":"2025-09-02 05:42:56"}
{"action":"eventLog","type":"attachments","progress":1,"message":"Updated attachment metadata: 282","timestamp":"2025-09-02 05:42:56"}
{"action":"eventLog","type":"attachments","progress":1,"message":"Updated attachment metadata: 282","timestamp":"2025-09-02 05:42:56"}
{"action":"eventLog","type":"attachments","progress":1,"message":"Updated attachment metadata: 282","timestamp":"2025-09-02 05:42:56"}
{"action":"eventLog","type":"attachments","progress":1,"message":"Updated attachment metadata: 282","timestamp":"2025-09-02 05:42:56"}
{"action":"eventLog","type":"attachments","progress":1,"message":"Updated attachment metadata: 282","timestamp":"2025-09-02 05:42:56"}
{"action":"eventLog","type":"attachments","progress":1,"message":"Updated attachment metadata: 282","timestamp":"2025-09-02 05:42:56"}
{"action":"updateLog","type":"attachments","progress":95,"message":"Importing Attachments: (37\/39)","timestamp":"2025-09-02 05:42:56"}
{"action":"eventLog","type":"attachments","progress":1,"message":"Before inserting attachment: ef2c0062-freestocks-9uvmlib0wju-unsplash-1.png","timestamp":"2025-09-02 05:42:56"}
{"action":"eventLog","type":"attachments","progress":1,"message":"After inserting attachment: ef2c0062-freestocks-9uvmlib0wju-unsplash-1.png","timestamp":"2025-09-02 05:42:56"}
{"action":"eventLog","type":"attachments","progress":1,"message":"Updated attachment metadata: 283","timestamp":"2025-09-02 05:42:56"}
{"action":"eventLog","type":"attachments","progress":1,"message":"Updated attachment metadata: 283","timestamp":"2025-09-02 05:42:57"}
{"action":"eventLog","type":"attachments","progress":1,"message":"Updated attachment metadata: 283","timestamp":"2025-09-02 05:42:57"}
{"action":"eventLog","type":"attachments","progress":1,"message":"Updated attachment metadata: 283","timestamp":"2025-09-02 05:42:57"}
{"action":"eventLog","type":"attachments","progress":1,"message":"Updated attachment metadata: 283","timestamp":"2025-09-02 05:42:57"}
{"action":"eventLog","type":"attachments","progress":1,"message":"Updated attachment metadata: 283","timestamp":"2025-09-02 05:42:57"}
{"action":"eventLog","type":"attachments","progress":1,"message":"Updated attachment metadata: 283","timestamp":"2025-09-02 05:42:57"}
{"action":"eventLog","type":"attachments","progress":1,"message":"Updated attachment metadata: 283","timestamp":"2025-09-02 05:42:57"}
{"action":"updateLog","type":"attachments","progress":98,"message":"Importing Attachments: (38\/39)","timestamp":"2025-09-02 05:42:57"}
{"action":"eventLog","type":"attachments","progress":1,"message":"Before inserting attachment: Mask-Group-7.png","timestamp":"2025-09-02 05:42:57"}
{"action":"eventLog","type":"attachments","progress":1,"message":"After inserting attachment: Mask-Group-7.png","timestamp":"2025-09-02 05:42:57"}
{"action":"eventLog","type":"attachments","progress":1,"message":"Updated attachment metadata: 284","timestamp":"2025-09-02 05:42:57"}
{"action":"eventLog","type":"attachments","progress":1,"message":"Updated attachment metadata: 284","timestamp":"2025-09-02 05:42:57"}
{"action":"eventLog","type":"attachments","progress":1,"message":"Updated attachment metadata: 284","timestamp":"2025-09-02 05:42:57"}
{"action":"eventLog","type":"attachments","progress":1,"message":"Updated attachment metadata: 284","timestamp":"2025-09-02 05:42:57"}
{"action":"eventLog","type":"attachments","progress":1,"message":"Updated attachment metadata: 284","timestamp":"2025-09-02 05:42:57"}
{"action":"eventLog","type":"attachments","progress":1,"message":"Updated attachment metadata: 284","timestamp":"2025-09-02 05:42:57"}
{"action":"eventLog","type":"attachments","progress":1,"message":"Updated attachment metadata: 284","timestamp":"2025-09-02 05:42:57"}
{"action":"eventLog","type":"attachments","progress":1,"message":"Updated attachment metadata: 284","timestamp":"2025-09-02 05:42:57"}
{"action":"eventLog","type":"attachments","progress":1,"message":"Updated attachment metadata: 284","timestamp":"2025-09-02 05:42:57"}
{"action":"updateLog","type":"attachments","progress":100,"message":"Importing Attachments: (39\/39)","status":"complete","timestamp":"2025-09-02 05:42:57"}
{"action":"updateLog","type":"attachments","progress":100,"message":"Importing Attachments: (39\/39)","status":"complete","timestamp":"2025-09-02 05:42:57"}
{"type":"continue","action":"continue","name":"","index":1,"results":null,"timestamp":"2025-09-02 05:42:57"}
{"type":"start","action":"eventLog","results":"Templately\\Core\\Importer\\FullSiteImport::import::519","timestamp":"2025-09-02 05:42:59"}
{"action":"removeLog","type":"temp","progress":100,"timestamp":"2025-09-02 05:42:59"}
{"action":"eventLog","type":"customizer","progress":0,"message":"Updating customizer settings.","timestamp":"2025-09-02 05:42:59"}
{"action":"eventLog","type":"customizer","progress":0,"message":"Updating customizer settings.","timestamp":"2025-09-02 05:42:59"}
{"action":"eventLog","type":"customizer","progress":100,"message":"Updating customizer settings.","status":"complete","timestamp":"2025-09-02 05:42:59"}
{"type":"continue","action":"continue","name":"","index":2,"results":null,"timestamp":"2025-09-02 05:42:59"}
{"type":"start","action":"eventLog","results":"Templately\\Core\\Importer\\FullSiteImport::import::519","timestamp":"2025-09-02 05:43:00"}
{"action":"removeLog","type":"temp","progress":100,"timestamp":"2025-09-02 05:43:00"}
{"action":"eventLog","type":"extra-content","progress":0,"message":"Importing Forms and Others Extra Contents","timestamp":"2025-09-02 05:43:00"}
{"action":"eventLog","type":"extra-content","progress":100,"message":"Importing Forms and Others Extra Contents","status":"complete","timestamp":"2025-09-02 05:43:00"}
{"type":"continue","action":"continue","name":"","index":3,"results":null,"timestamp":"2025-09-02 05:43:00"}
{"type":"start","action":"eventLog","results":"Templately\\Core\\Importer\\FullSiteImport::import::519","timestamp":"2025-09-02 05:43:01"}
{"action":"removeLog","type":"temp","progress":100,"timestamp":"2025-09-02 05:43:01"}
{"action":"updateLog","type":"templates","progress":0,"message":"Importing Templates (i.e: Header, Footer, etc)","timestamp":"2025-09-02 05:43:01"}
{"action":"updateLog","type":"templates","progress":25,"message":"Importing Templates (i.e: Header, Footer, etc)","timestamp":"2025-09-02 05:43:02"}
{"action":"updateLog","type":"templates","progress":50,"message":"Importing Templates (i.e: Header, Footer, etc)","timestamp":"2025-09-02 05:43:02"}
{"action":"updateLog","type":"templates","progress":75,"message":"Importing Templates (i.e: Header, Footer, etc)","timestamp":"2025-09-02 05:43:03"}
{"action":"updateLog","type":"templates","progress":100,"message":"Importing Templates (i.e: Header, Footer, etc)","status":"complete","timestamp":"2025-09-02 05:43:03"}
{"action":"updateLog","type":"templates","progress":100,"message":"Importing Templates (i.e: Header, Footer, etc)","status":"complete","timestamp":"2025-09-02 05:43:03"}
{"type":"continue","action":"continue","name":"","index":4,"results":null,"timestamp":"2025-09-02 05:43:03"}
{"type":"start","action":"eventLog","results":"Templately\\Core\\Importer\\FullSiteImport::import::519","timestamp":"2025-09-02 05:43:04"}
{"action":"removeLog","type":"temp","progress":100,"timestamp":"2025-09-02 05:43:04"}
{"type":"continue","action":"continue","name":"","index":5,"results":null,"timestamp":"2025-09-02 05:43:04"}
{"type":"start","action":"eventLog","results":"Templately\\Core\\Importer\\FullSiteImport::import::519","timestamp":"2025-09-02 05:43:05"}
{"action":"removeLog","type":"temp","progress":100,"timestamp":"2025-09-02 05:43:05"}
{"action":"updateLog","type":"content","progress":0,"message":"Importing Elementor Page and Post Templates","timestamp":"2025-09-02 05:43:05"}
{"action":"updateLog","type":"content","progress":14,"message":"Importing Elementor Page and Post Templates","timestamp":"2025-09-02 05:43:06"}
{"action":"updateLog","type":"content","progress":28,"message":"Importing Elementor Page and Post Templates","timestamp":"2025-09-02 05:43:06"}
{"action":"updateLog","type":"content","progress":42,"message":"Importing Elementor Page and Post Templates","timestamp":"2025-09-02 05:43:06"}
{"action":"updateLog","type":"content","progress":57,"message":"Importing Elementor Page and Post Templates","timestamp":"2025-09-02 05:43:06"}
{"action":"updateLog","type":"content","progress":71,"message":"Importing Elementor Page and Post Templates","timestamp":"2025-09-02 05:43:06"}
{"action":"updateLog","type":"content","progress":85,"message":"Importing Elementor Page and Post Templates","timestamp":"2025-09-02 05:43:06"}
{"action":"updateLog","type":"content","progress":100,"message":"Importing Elementor Page and Post Templates","status":"complete","timestamp":"2025-09-02 05:43:06"}
{"action":"updateLog","type":"content","progress":100,"message":"Importing Elementor Page and Post Templates","status":"complete","timestamp":"2025-09-02 05:43:06"}
{"type":"continue","action":"continue","name":"","index":6,"results":null,"timestamp":"2025-09-02 05:43:06"}
{"type":"start","action":"eventLog","results":"Templately\\Core\\Importer\\FullSiteImport::import::519","timestamp":"2025-09-02 05:43:07"}
{"action":"removeLog","type":"temp","progress":100,"timestamp":"2025-09-02 05:43:07"}
{"action":"updateLog","type":"wp-content","progress":0,"message":"Importing Content (Pages, Posts, Products, Navigation)","timestamp":"2025-09-02 05:43:07"}
{"action":"updateLog","type":"wp-content","progress":2,"message":"Importing Content (Pages, Posts, Products, Navigation)","timestamp":"2025-09-02 05:43:07"}
{"action":"updateLog","type":"wp-content","progress":5,"message":"Importing Content (Pages, Posts, Products, Navigation)","timestamp":"2025-09-02 05:43:07"}
{"action":"updateLog","type":"wp-content","progress":8,"message":"Importing Content (Pages, Posts, Products, Navigation)","timestamp":"2025-09-02 05:43:07"}
{"action":"updateLog","type":"wp-content","progress":11,"message":"Importing Content (Pages, Posts, Products, Navigation)","timestamp":"2025-09-02 05:43:07"}
{"action":"updateLog","type":"wp-content","progress":14,"message":"Importing Content (Pages, Posts, Products, Navigation)","timestamp":"2025-09-02 05:43:07"}
{"action":"updateLog","type":"wp-content","progress":17,"message":"Importing Content (Pages, Posts, Products, Navigation)","timestamp":"2025-09-02 05:43:08"}
{"action":"updateLog","type":"wp-content","progress":20,"message":"Importing Content (Pages, Posts, Products, Navigation)","timestamp":"2025-09-02 05:43:08"}
{"action":"updateLog","type":"wp-content","progress":22,"message":"Importing Content (Pages, Posts, Products, Navigation)","timestamp":"2025-09-02 05:43:08"}
{"action":"updateLog","type":"wp-content","progress":25,"message":"Importing Content (Pages, Posts, Products, Navigation)","timestamp":"2025-09-02 05:43:08"}
{"action":"updateLog","type":"wp-content","progress":100,"message":"Importing Content (Pages, Posts, Products, Navigation)","status":"complete","timestamp":"2025-09-02 05:43:08"}
{"type":"continue","action":"continue","name":"","index":7,"results":null,"timestamp":"2025-09-02 05:43:08"}
{"type":"start","action":"eventLog","results":"Templately\\Core\\Importer\\FullSiteImport::import::519","timestamp":"2025-09-02 05:43:10"}
{"action":"removeLog","type":"temp","progress":100,"timestamp":"2025-09-02 05:43:10"}
{"action":"updateLog","type":"finalize","progress":0,"message":"Finalizing Your Imports","timestamp":"2025-09-02 05:43:10"}
{"action":"eventLog","type":"prepare","progress":1,"message":"Site Logo","timestamp":"2025-09-02 05:43:10"}
{"action":"updateLog","type":"finalize","progress":10,"message":"Finalizing Your Imports","timestamp":"2025-09-02 05:43:10"}
{"action":"eventLog","type":"prepare","progress":1,"message":"Site Logo","timestamp":"2025-09-02 05:43:10"}
{"action":"updateLog","type":"finalize","progress":10,"message":"Finalizing Your Imports","timestamp":"2025-09-02 05:43:11"}
{"action":"updateLog","type":"finalize","progress":10,"message":"Finalizing Your Imports","timestamp":"2025-09-02 05:43:11"}
{"action":"updateLog","type":"finalize","progress":10,"message":"Finalizing Your Imports","timestamp":"2025-09-02 05:43:11"}
{"action":"eventLog","type":"attachments","progress":1,"message":"Before downloading attachment: https:\/\/demo.assets.templately.com\/lms\/elementor\/9\/2024\/03\/Group-110.png","timestamp":"2025-09-02 05:43:11"}
{"action":"eventLog","type":"attachments","progress":1,"message":"After downloading attachment: https:\/\/demo.assets.templately.com\/lms\/elementor\/9\/2024\/03\/Group-110.png","timestamp":"2025-09-02 05:43:11"}
{"action":"eventLog","type":"attachments","progress":1,"message":"Before inserting attachment: Group-110.png","timestamp":"2025-09-02 05:43:11"}
{"action":"eventLog","type":"attachments","progress":1,"message":"After inserting attachment: Group-110.png","timestamp":"2025-09-02 05:43:11"}
{"action":"eventLog","type":"attachments","progress":1,"message":"Updated attachment metadata: 352","timestamp":"2025-09-02 05:43:11"}
{"action":"eventLog","type":"attachments","progress":1,"message":"Updated attachment metadata: 352","timestamp":"2025-09-02 05:43:11"}
{"action":"eventLog","type":"attachments","progress":1,"message":"Updated attachment metadata: 352","timestamp":"2025-09-02 05:43:11"}
{"action":"eventLog","type":"attachments","progress":1,"message":"Updated attachment metadata: 352","timestamp":"2025-09-02 05:43:11"}
{"action":"eventLog","type":"attachments","progress":1,"message":"Updated attachment metadata: 352","timestamp":"2025-09-02 05:43:11"}
{"action":"eventLog","type":"attachments","progress":1,"message":"Updated attachment metadata: 352","timestamp":"2025-09-02 05:43:11"}
{"action":"eventLog","type":"attachments","progress":1,"message":"Updated attachment metadata: 352","timestamp":"2025-09-02 05:43:11"}
{"action":"eventLog","type":"attachments","progress":1,"message":"Updated attachment metadata: 352","timestamp":"2025-09-02 05:43:11"}
{"action":"eventLog","type":"attachments","progress":1,"message":"Updated attachment metadata: 352","timestamp":"2025-09-02 05:43:11"}
{"action":"updateLog","type":"finalize","progress":50,"message":"Finalizing Your Imports","timestamp":"2025-09-02 05:43:12"}
{"action":"updateLog","type":"finalize","progress":50,"message":"Finalizing Your Imports","timestamp":"2025-09-02 05:43:12"}
{"action":"updateLog","type":"finalize","progress":50,"message":"Finalizing Your Imports","timestamp":"2025-09-02 05:43:12"}
{"action":"updateLog","type":"finalize","progress":50,"message":"Finalizing Your Imports","timestamp":"2025-09-02 05:43:12"}
{"action":"updateLog","type":"finalize","progress":50,"message":"Finalizing Your Imports","timestamp":"2025-09-02 05:43:12"}
{"action":"updateLog","type":"finalize","progress":50,"message":"Finalizing Your Imports","timestamp":"2025-09-02 05:43:13"}
{"action":"updateLog","type":"finalize","progress":100,"message":"Finalizing Your Imports","status":"complete","timestamp":"2025-09-02 05:43:13"}
{"action":"eventLog","type":"attachments","progress":1,"message":"Before downloading attachment: https:\/\/app.templately.com\/api\/v1\/import\/success","timestamp":"2025-09-02 05:43:13"}
{"action":"eventLog","type":"attachments","progress":1,"message":"After downloading attachment: https:\/\/app.templately.com\/api\/v1\/import\/success","timestamp":"2025-09-02 05:43:13"}
{"type":"complete","action":"complete","results":{"attachments":39,"attachments_fail":0,"attachments_errors":[],"templates":4,"contents":{"page":7},"wp-content":{"post":9,"nav_menu_item":17},"post_types":["Pages","Posts"],"template_types":["header","footer","archive","single"],"ai_content":{"requested":[],"processed":[]},"dependency_data":{"theme":{"success":true,"name":"Hello Elementor","slug":"hello-elementor","message":""},"plugins":{"failed":[{"name":"Elementor Pro","slug":"elementor-pro","link":"https:\/\/wpdeveloper.net\/go\/elementor-pro","message":"Plugin not found."},{"name":"Essential Addons Pro","slug":"essential-addons-elementor","link":"https:\/\/essential-addons.com\/elementor\/","message":"Plugin not found."}],"_installed_plugins":2,"total":4,"succeed":2}}},"timestamp":"2025-09-02 05:43:13"}
